0 info it worked if it ends with ok
1 verbose cli [ '/home/jon/.nvm/versions/node/v6.10.2/bin/node',
1 verbose cli   '/home/jon/.nvm/versions/node/v6.10.2/bin/npm',
1 verbose cli   'run',
1 verbose cli   'start' ]
2 info using npm@3.10.10
3 info using node@v6.10.2
4 verbose run-script [ 'prestart', 'start', 'poststart' ]
5 info lifecycle mern@0.0.1~prestart: mern@0.0.1
6 silly lifecycle mern@0.0.1~prestart: no script for prestart, continuing
7 info lifecycle mern@0.0.1~start: mern@0.0.1
8 verbose lifecycle mern@0.0.1~start: unsafe-perm in lifecycle true
9 verbose lifecycle mern@0.0.1~start: PATH: /home/jon/.nvm/versions/node/v6.10.2/lib/node_modules/npm/bin/node-gyp-bin:/home/jon/workspace/mern/node_modules/.bin:/home/jon/.nvm/versions/node/v6.10.2/bin:/home/jon/bin:/home/jon/.local/bin:/usr/local/sbin:/usr/local/bin:/usr/sbin:/usr/bin:/sbin:/bin:/usr/games:/usr/local/games:/snap/bin
10 verbose lifecycle mern@0.0.1~start: CWD: /home/jon/workspace/mern
11 silly lifecycle mern@0.0.1~start: Args: [ '-c', 'node /server/server.js' ]
12 silly lifecycle mern@0.0.1~start: Returned: code: 1  signal: null
13 info lifecycle mern@0.0.1~start: Failed to exec start script
14 verbose stack Error: mern@0.0.1 start: `node /server/server.js`
14 verbose stack Exit status 1
14 verbose stack     at EventEmitter.<anonymous> (/home/jon/.nvm/versions/node/v6.10.2/lib/node_modules/npm/lib/utils/lifecycle.js:255:16)
14 verbose stack     at emitTwo (events.js:106:13)
14 verbose stack     at EventEmitter.emit (events.js:191:7)
14 verbose stack     at ChildProcess.<anonymous> (/home/jon/.nvm/versions/node/v6.10.2/lib/node_modules/npm/lib/utils/spawn.js:40:14)
14 verbose stack     at emitTwo (events.js:106:13)
14 verbose stack     at ChildProcess.emit (events.js:191:7)
14 verbose stack     at maybeClose (internal/child_process.js:886:16)
14 verbose stack     at Process.ChildProcess._handle.onexit (internal/child_process.js:226:5)
15 verbose pkgid mern@0.0.1
16 verbose cwd /home/jon/workspace/mern
17 error Linux 4.8.0-51-generic
18 error argv "/home/jon/.nvm/versions/node/v6.10.2/bin/node" "/home/jon/.nvm/versions/node/v6.10.2/bin/npm" "run" "start"
19 error node v6.10.2
20 error npm  v3.10.10
21 error code ELIFECYCLE
22 error mern@0.0.1 start: `node /server/server.js`
22 error Exit status 1
23 error Failed at the mern@0.0.1 start script 'node /server/server.js'.
23 error Make sure you have the latest version of node.js and npm installed.
23 error If you do, this is most likely a problem with the mern package,
23 error not with npm itself.
23 error Tell the author that this fails on your system:
23 error     node /server/server.js
23 error You can get information on how to open an issue for this project with:
23 error     npm bugs mern
23 error Or if that isn't available, you can get their info via:
23 error     npm owner ls mern
23 error There is likely additional logging output above.
24 verbose exit [ 1, true ]
